<?xml version="1.0" encoding="UTF-8"?>
<!-- Generated by org.testng.reporters.JUnitReportReporter -->
<testsuite hostname="DESKTOP-092J5ON" failures="0" tests="1" name="ApplaudoQaAutomationTrainee.Maven.java.homework0401" time="10.853" errors="0" timestamp="2022-09-24T23:49:52 ART" skipped="0">
  <testcase classname="ApplaudoQaAutomationTrainee.Maven.java.homework0401" name="exercise_1" time="10.853"/>
  <system-out/>
</testsuite> <!-- ApplaudoQaAutomationTrainee.Maven.java.homework0401 -->
