<?xml version="1.0" encoding="UTF-8"?>
<!-- Generated by org.testng.reporters.JUnitReportReporter -->
<testsuite hostname="DESKTOP-092J5ON" failures="0" tests="2" name="ApplaudoQaAutomationTrainee.Maven.java.homework0401" time="63.236" errors="0" timestamp="2022-09-25T13:11:37 ART" skipped="0">
  <testcase classname="ApplaudoQaAutomationTrainee.Maven.java.homework0401" name="exercise_1" time="45.982"/>
  <system-out/>
  <testcase classname="ApplaudoQaAutomationTrainee.Maven.java.homework0401" name="exercise_2" time="17.254"/>
  <system-out/>
</testsuite> <!-- ApplaudoQaAutomationTrainee.Maven.java.homework0401 -->
